<?xml version="1.0" encoding="UTF-8"?>
<!-- Generated by org.testng.reporters.JUnitXMLReporter -->
<testsuite ignored="0" hostname="BHASKAR" failures="0" tests="2" name="Test-Runner-Firefox" time="39.001" errors="0" timestamp="2023-04-19T10:39:44 IST">
  <testcase classname="vtiger.Organization.Tests.CreateOrganizationTest" name="createOrgTest" time="11.999"/>
  <testcase classname="vtiger.Organization.Tests.CreateOrganizationTest" name="demo" time="0.005"/>
</testsuite> <!-- Test-Runner-Firefox -->
