<?xml version="1.0" encoding="UTF-8"?>
<!-- Generated by org.testng.reporters.JUnitXMLReporter -->
<testsuite ignored="0" hostname="BHASKAR" failures="0" tests="2" name="Test-Runner-Chrome" time="39.616" errors="0" timestamp="2023-04-19T10:39:44 IST">
  <testcase classname="vtiger.Organization.Tests.CreateOrganizationTest" name="createOrgTest" time="12.205"/>
  <testcase classname="vtiger.Organization.Tests.CreateOrganizationTest" name="demo" time="0.006"/>
</testsuite> <!-- Test-Runner-Chrome -->
