<?xml version="1.0" encoding="UTF-8"?>
<!-- Generated by org.testng.reporters.JUnitReportReporter -->
<testsuite hostname="BHASKAR" failures="0" tests="2" name="vtiger.Contact.Tests.CreateContactWithOrganizationTest" time="30.878" errors="0" timestamp="2023-05-22T21:25:30 IST" skipped="0">
  <testcase classname="vtiger.Contact.Tests.CreateContactWithOrganizationTest" name="createContactWithOrgTest" time="24.499"/>
  <system-out/>
  <testcase classname="vtiger.Contact.Tests.CreateContactWithOrganizationTest" name="sample" time="6.379"/>
  <system-out/>
</testsuite> <!-- vtiger.Contact.Tests.CreateContactWithOrganizationTest -->
