<?xml version="1.0" encoding="UTF-8"?>
<!-- Generated by org.testng.reporters.JUnitReportReporter -->
<testsuite hostname="BHASKAR" failures="0" tests="4" name="vtiger.Organization.Tests.CreateOrganizationTest" time="53.969" errors="0" timestamp="2023-04-19T10:39:44 IST" skipped="0">
  <testcase classname="vtiger.Organization.Tests.CreateOrganizationTest" name="createOrgTest" time="19.160"/>
  <system-out>
    <![CDATA[navigated to organizations link
Clicked on create Organization look up image
New Organization created]]>
  </system-out>
  <testcase classname="vtiger.Organization.Tests.CreateOrganizationTest" name="demo" time="7.463"/>
  <system-out/>
  <testcase classname="vtiger.Organization.Tests.CreateOrganizationTest" name="demo" time="7.344"/>
  <system-out/>
  <testcase classname="vtiger.Organization.Tests.CreateOrganizationTest" name="createOrgTest" time="20.002"/>
  <system-out>
    <![CDATA[navigated to organizations link
Clicked on create Organization look up image
New Organization created]]>
  </system-out>
</testsuite> <!-- vtiger.Organization.Tests.CreateOrganizationTest -->
