<?xml version="1.0" encoding="UTF-8"?>
<!-- Generated by org.testng.reporters.JUnitReportReporter -->
<testsuite hostname="BHASKAR" failures="0" tests="2" name="vtiger.Organization.Tests.CreateOrganizationTest" time="24.246" errors="0" timestamp="2023-05-22T21:25:30 IST" skipped="0">
  <testcase classname="vtiger.Organization.Tests.CreateOrganizationTest" name="createOrgTest" time="17.538"/>
  <system-out>
    <![CDATA[navigated to organizations link
Clicked on create Organization look up image
New Organization created]]>
  </system-out>
  <testcase classname="vtiger.Organization.Tests.CreateOrganizationTest" name="demo" time="6.708"/>
  <system-out/>
</testsuite> <!-- vtiger.Organization.Tests.CreateOrganizationTest -->
